[32m[Nest] 17704  - [39m24/03/2026, 15:05:24 [32m    LOG[39m [38;5;3m[NestFactory] [39m[32mStarting Nest application...[39m
[32m[Nest] 17704  - [39m24/03/2026, 15:05:24 [32m    LOG[39m [38;5;3m[InstanceLoader] [39m[32mAppModule dependencies initialized[39m[38;5;3m +23ms[39m
[32m[Nest] 17704  - [39m24/03/2026, 15:05:24 [32m    LOG[39m [38;5;3m[InstanceLoader] [39m[32mPrismaModule dependencies initialized[39m[38;5;3m +1ms[39m
[32m[Nest] 17704  - [39m24/03/2026, 15:05:24 [32m    LOG[39m [38;5;3m[InstanceLoader] [39m[32mHealthModule dependencies initialized[39m[38;5;3m +0ms[39m
[32m[Nest] 17704  - [39m24/03/2026, 15:05:24 [32m    LOG[39m [38;5;3m[InstanceLoader] [39m[32mMeModule dependencies initialized[39m[38;5;3m +1ms[39m
[32m[Nest] 17704  - [39m24/03/2026, 15:05:24 [32m    LOG[39m [38;5;3m[InstanceLoader] [39m[32mNormalizationModule dependencies initialized[39m[38;5;3m +0ms[39m
[32m[Nest] 17704  - [39m24/03/2026, 15:05:24 [32m    LOG[39m [38;5;3m[InstanceLoader] [39m[32mCompaniesModule dependencies initialized[39m[38;5;3m +0ms[39m
[32m[Nest] 17704  - [39m24/03/2026, 15:05:24 [32m    LOG[39m [38;5;3m[InstanceLoader] [39m[32mAuthModule dependencies initialized[39m[38;5;3m +1ms[39m
[32m[Nest] 17704  - [39m24/03/2026, 15:05:24 [32m    LOG[39m [38;5;3m[InstanceLoader] [39m[32mKpiModule dependencies initialized[39m[38;5;3m +0ms[39m
[32m[Nest] 17704  - [39m24/03/2026, 15:05:24 [32m    LOG[39m [38;5;3m[RoutesResolver] [39m[32mHealthController {/health}:[39m[38;5;3m +3ms[39m
[32m[Nest] 17704  - [39m24/03/2026, 15:05:24 [32m    LOG[39m [38;5;3m[RouterExplorer] [39m[32mMapped {/health, GET} route[39m[38;5;3m +2ms[39m
[32m[Nest] 17704  - [39m24/03/2026, 15:05:24 [32m    LOG[39m [38;5;3m[RoutesResolver] [39m[32mAuthContextController {/auth}:[39m[38;5;3m +1ms[39m
[32m[Nest] 17704  - [39m24/03/2026, 15:05:24 [32m    LOG[39m [38;5;3m[RouterExplorer] [39m[32mMapped {/auth/context, GET} route[39m[38;5;3m +0ms[39m
[32m[Nest] 17704  - [39m24/03/2026, 15:05:24 [32m    LOG[39m [38;5;3m[RoutesResolver] [39m[32mMeController {/me}:[39m[38;5;3m +0ms[39m
[32m[Nest] 17704  - [39m24/03/2026, 15:05:24 [32m    LOG[39m [38;5;3m[RouterExplorer] [39m[32mMapped {/me, GET} route[39m[38;5;3m +1ms[39m
[32m[Nest] 17704  - [39m24/03/2026, 15:05:24 [32m    LOG[39m [38;5;3m[RouterExplorer] [39m[32mMapped {/me/tenants, GET} route[39m[38;5;3m +0ms[39m
[32m[Nest] 17704  - [39m24/03/2026, 15:05:24 [32m    LOG[39m [38;5;3m[RoutesResolver] [39m[32mCompaniesController {/companies}:[39m[38;5;3m +0ms[39m
[32m[Nest] 17704  - [39m24/03/2026, 15:05:24 [32m    LOG[39m [38;5;3m[RouterExplorer] [39m[32mMapped {/companies/current, GET} route[39m[38;5;3m +1ms[39m
[32m[Nest] 17704  - [39m24/03/2026, 15:05:24 [32m    LOG[39m [38;5;3m[RouterExplorer] [39m[32mMapped {/companies/current/branches, GET} route[39m[38;5;3m +0ms[39m
[32m[Nest] 17704  - [39m24/03/2026, 15:05:24 [32m    LOG[39m [38;5;3m[RouterExplorer] [39m[32mMapped {/companies/current/employees, GET} route[39m[38;5;3m +0ms[39m
[32m[Nest] 17704  - [39m24/03/2026, 15:05:24 [32m    LOG[39m [38;5;3m[RoutesResolver] [39m[32mKpiController {/kpis/budgets}:[39m[38;5;3m +1ms[39m
[32m[Nest] 17704  - [39m24/03/2026, 15:05:24 [32m    LOG[39m [38;5;3m[RouterExplorer] [39m[32mMapped {/kpis/budgets/refresh, POST} route[39m[38;5;3m +0ms[39m
[32m[Nest] 17704  - [39m24/03/2026, 15:05:24 [32m    LOG[39m [38;5;3m[RouterExplorer] [39m[32mMapped {/kpis/budgets/summary, GET} route[39m[38;5;3m +1ms[39m
[32m[Nest] 17704  - [39m24/03/2026, 15:05:24 [32m    LOG[39m [38;5;3m[RouterExplorer] [39m[32mMapped {/kpis/budgets/daily, GET} route[39m[38;5;3m +0ms[39m
[32m[Nest] 17704  - [39m24/03/2026, 15:05:24 [32m    LOG[39m [38;5;3m[RouterExplorer] [39m[32mMapped {/kpis/budgets/hourly, GET} route[39m[38;5;3m +0ms[39m
[32m[Nest] 17704  - [39m24/03/2026, 15:05:24 [32m    LOG[39m [38;5;3m[RouterExplorer] [39m[32mMapped {/kpis/budgets/channel/daily, GET} route[39m[38;5;3m +1ms[39m
[32m[Nest] 17704  - [39m24/03/2026, 15:05:24 [32m    LOG[39m [38;5;3m[RouterExplorer] [39m[32mMapped {/kpis/budgets/channel/hourly, GET} route[39m[38;5;3m +0ms[39m
[32m[Nest] 17704  - [39m24/03/2026, 15:05:24 [32m    LOG[39m [38;5;3m[RouterExplorer] [39m[32mMapped {/kpis/budgets/channel/abandonment, GET} route[39m[38;5;3m +0ms[39m
[32m[Nest] 17704  - [39m24/03/2026, 15:05:24 [32m    LOG[39m [38;5;3m[RouterExplorer] [39m[32mMapped {/kpis/budgets/drilldown, GET} route[39m[38;5;3m +0ms[39m
[32m[Nest] 17704  - [39m24/03/2026, 15:05:24 [32m    LOG[39m [38;5;3m[RoutesResolver] [39m[32mSalesKpiController {/kpis/sales}:[39m[38;5;3m +1ms[39m
[32m[Nest] 17704  - [39m24/03/2026, 15:05:24 [32m    LOG[39m [38;5;3m[RouterExplorer] [39m[32mMapped {/kpis/sales/refresh, POST} route[39m[38;5;3m +0ms[39m
[32m[Nest] 17704  - [39m24/03/2026, 15:05:24 [32m    LOG[39m [38;5;3m[RouterExplorer] [39m[32mMapped {/kpis/sales/summary, GET} route[39m[38;5;3m +0ms[39m
[32m[Nest] 17704  - [39m24/03/2026, 15:05:24 [32m    LOG[39m [38;5;3m[RouterExplorer] [39m[32mMapped {/kpis/sales/daily, GET} route[39m[38;5;3m +0ms[39m
[32m[Nest] 17704  - [39m24/03/2026, 15:05:24 [32m    LOG[39m [38;5;3m[RouterExplorer] [39m[32mMapped {/kpis/sales/channel/daily, GET} route[39m[38;5;3m +1ms[39m
[32m[Nest] 17704  - [39m24/03/2026, 15:05:24 [32m    LOG[39m [38;5;3m[RouterExplorer] [39m[32mMapped {/kpis/sales/ticket-average, GET} route[39m[38;5;3m +0ms[39m
[32m[Nest] 17704  - [39m24/03/2026, 15:05:24 [32m    LOG[39m [38;5;3m[NestApplication] [39m[32mNest application successfully started[39m[38;5;3m +49ms[39m
